make all --print-data-base --no-builtin-variables --no-builtin-rules --question
# GNU Make 4.2.1
# Built for x86_64-pc-linux-gnu
# Copyright (C) 1988-2016 Free Software Foundation, Inc.
# License GPLv3+: GNU GPL version 3 or later <http://gnu.org/licenses/gpl.html>
# This is free software: you are free to change and redistribute it.
# There is NO WARRANTY, to the extent permitted by law.

# Make data base, printed on Wed Jun  2 08:19:02 2021

# Variables

# 'override' directive
GNUMAKEFLAGS := 
# automatic
<D = $(patsubst %/,%,$(dir $<))
# automatic
?F = $(notdir $?)
# environment
DESKTOP_SESSION = ubuntu
# default
.SHELLFLAGS := -c
# environment
XDG_SESSION_CLASS = user
# environment
XDG_SESSION_TYPE = x11
# environment
VSCODE_LOG_NATIVE = false
# automatic
?D = $(patsubst %/,%,$(dir $?))
# environment
IM_CONFIG_PHASE = 1
# automatic
@D = $(patsubst %/,%,$(dir $@))
# environment
XAUTHORITY = /run/user/1000/gdm/Xauthority
# environment
GDMSESSION = ubuntu
# environment
XMODIFIERS = @im=ibus
# makefile
CURDIR := /home/filip/Documents/SYSOPY/Kolokwium2/semFile_V
# makefile
SHELL = /bin/sh
# environment
VSCODE_NLS_CONFIG = {"locale":"en-us","availableLanguages":{},"_languagePackSupport":true}
# environment
_ = /usr/share/code/code
# makefile (from 'Makefile', line 1)
CFLAGS = -Wall
# environment
JOURNAL_STREAM = 8:45458
# environment
XDG_CONFIG_DIRS = /etc/xdg/xdg-ubuntu:/etc/xdg
# environment
QSYS_ROOTDIR = /home/filip/Programs/intelFPGA/quartus/sopc_builder/bin
# makefile (from 'Makefile', line 1)
MAKEFILE_LIST :=  Makefile
# automatic
@F = $(notdir $@)
# environment
GIO_LAUNCHED_DESKTOP_FILE = /usr/share/applications/code.desktop
# environment
USERNAME = filip
# environment
MAKELEVEL := 0
# environment
XDG_DATA_DIRS = /usr/share/ubuntu:/home/filip/.local/share/flatpak/exports/share:/var/lib/flatpak/exports/share:/usr/local/share/:/usr/share/:/var/lib/snapd/desktop
# environment
DBUS_SESSION_BUS_ADDRESS = unix:path=/run/user/1000/bus,guid=b819c3242dfea02efe81532f60b71e07
# environment
VSCODE_VERBOSE_LOGGING = true
# environment
MANAGERPID = 2137
# environment
LESSOPEN = | /usr/bin/lesspipe %s
# environment
LC_NAME = pl_PL.UTF-8
# environment
VSCODE_CWD = /home/filip
# default
MAKE_HOST := x86_64-pc-linux-gnu
# environment
PATH = /home/filip/.local/bin:/home/filip/bin:/home/filip/bin:/home/filip/.cask/bin:/home/filip/.local/bin:/home/filip/.local/bin:/home/filip/bin:/usr/local/sbin:/usr/local/bin:/usr/sbin:/usr/bin:/sbin:/bin:/usr/games:/usr/local/games:/snap/bin
# environment
GPG_AGENT_INFO = /run/user/1000/gnupg/S.gpg-agent:0:1
# environment
SESSION_MANAGER = local/filip-VirtualBox:@/tmp/.ICE-unix/2552,unix/filip-VirtualBox:/tmp/.ICE-unix/2552
# environment
XDG_RUNTIME_DIR = /run/user/1000
# environment
XDG_MENU_PREFIX = gnome-
# environment
VSCODE_LOG_STACK = false
# environment
VSCODE_CRASH_REPORTER_START_OPTIONS = {"companyName":"Microsoft","productName":"VSCode","submitURL":"appcenter://code?aid=fba07a4d-84bd-4fc8-a125-9640fc8ce171&uid=b76b931f-9b45-4fcf-9f11-26662bbeb337&iid=b76b931f-9b45-4fcf-9f11-26662bbeb337&sid=b76b931f-9b45-4fcf-9f11-26662bbeb337","uploadToServer":true}
# environment
INVOCATION_ID = 339b8f55c9264c68b3c961114f4a42cc
# default
.FEATURES := target-specific order-only second-expansion else-if shortest-stem undefine oneshell archives jobserver output-sync check-symlink load
# environment
LS_COLORS = 
# environment
PARENT_WINDOW_ID = x11:2606a59
# environment
XDG_SESSION_DESKTOP = ubuntu
# environment
SSH_AUTH_SOCK = /run/user/1000/keyring/ssh
# environment
GIO_LAUNCHED_DESKTOP_FILE_PID = 9866
# automatic
%F = $(notdir $%)
# environment
DISPLAY = :0
# environment
VSCODE_PIPE_LOGGING = true
# environment
PWD = /home/filip/Documents/SYSOPY/Kolokwium2/semFile_V
# default
.LOADED := 
# environment
SSH_AGENT_PID = 2405
# environment
ORIGINAL_XDG_CURRENT_DESKTOP = ubuntu:GNOME
# environment
GTK_MODULES = gail:atk-bridge
# environment
VSCODE_AMD_ENTRYPOINT = vs/workbench/services/extensions/node/extensionHostProcess
# environment
HOME = /home/filip
# environment
LESSCLOSE = /usr/bin/lesspipe %s %s
# environment
LOGNAME = filip
# environment
APPLICATION_INSIGHTS_NO_DIAGNOSTIC_CHANNEL = true
# automatic
+F = $(notdir $+)
# environment
VSCODE_HANDLES_UNCAUGHT_ERRORS = true
# environment
GNOME_DESKTOP_SESSION_ID = this-is-deprecated
# automatic
^D = $(patsubst %/,%,$(dir $^))
# environment
LC_TIME = pl_PL.UTF-8
# default
MAKE = $(MAKE_COMMAND)
# default
MAKECMDGOALS := all
# environment
QT_IM_MODULE = ibus
# environment
SHLVL = 0
# makefile (from 'Makefile', line 2)
CC = gcc
# environment
GNOME_SHELL_SESSION_MODE = ubuntu
# environment
VSCODE_IPC_HOOK_EXTHOST = /run/user/1000/vscode-ipc-6c284dc4-d59f-4a3e-9bfd-b25e70e7c71c.sock
# default
MAKE_VERSION := 4.2.1
# environment
USER = filip
# environment
LC_MONETARY = pl_PL.UTF-8
# makefile
.DEFAULT_GOAL := main
# environment
XDG_CURRENT_DESKTOP = Unity
# automatic
%D = $(patsubst %/,%,$(dir $%))
# environment
LC_TELEPHONE = pl_PL.UTF-8
# default
MAKE_COMMAND := make
# environment
VSCODE_NODE_CACHED_DATA_DIR = /home/filip/.config/Code/CachedData/054a9295330880ed74ceaedda236253b4f39a335
# default
.VARIABLES := 
# automatic
*F = $(notdir $*)
# environment
VSCODE_IPC_HOOK = /run/user/1000/vscode-d7486045-1.56.2-main.sock
# makefile
MAKEFLAGS = pqrR
# environment
MFLAGS = -pqrR
# automatic
*D = $(patsubst %/,%,$(dir $*))
# environment
BREAKPAD_DUMP_LOCATION = /home/filip/.config/Code/exthost Crash Reports
# automatic
+D = $(patsubst %/,%,$(dir $+))
# environment
GDK_BACKEND = x11
# environment
LC_PAPER = pl_PL.UTF-8
# environment
QT_ACCESSIBILITY = 1
# default
MAKEFILES := 
# environment
LC_NUMERIC = pl_PL.UTF-8
# automatic
<F = $(notdir $<)
# environment
ELECTRON_RUN_AS_NODE = 1
# environment
LC_MEASUREMENT = pl_PL.UTF-8
# environment
LC_ALL = C
# environment
DBUS_STARTER_BUS_TYPE = session
# automatic
^F = $(notdir $^)
# default
SUFFIXES := 
# environment
CHROME_DESKTOP = code-url-handler.desktop
# environment
WINDOWPATH = 2
# default
.INCLUDE_DIRS = /usr/include /usr/local/include /usr/include
# environment
LC_IDENTIFICATION = pl_PL.UTF-8
# default
.RECIPEPREFIX := 
# environment
LC_ADDRESS = pl_PL.UTF-8
# environment
LANG = C
# environment
VSCODE_PID = 9866
# environment
DBUS_STARTER_ADDRESS = unix:path=/run/user/1000/bus,guid=b819c3242dfea02efe81532f60b71e07
# variable set hash-table stats:
# Load=112/1024=11%, Rehash=0, Collisions=19/142=13%

# Pattern-specific Variable Values

# No pattern-specific variable values.

# Directories

# . (device 2053, inode 2159597): 6 files, no impossibilities.

# 6 files, no impossibilities in 1 directories.

# Implicit Rules

# No implicit rules.

# Files

all: main
#  Command line target.
#  Implicit rule search has been done.
#  File does not exist.
#  File has been updated.
#  Needs to be updated (-q is set).
# variable set hash-table stats:
# Load=0/32=0%, Rehash=0, Collisions=0/5=0%

# Not a target:
main.c:
#  Implicit rule search has been done.
#  Last modified 2021-06-02 08:18:58.689777587
#  File has been updated.
#  Successfully updated.

# Not a target:
.SUFFIXES:
#  Implicit rule search has not been done.
#  Modification time never checked.
#  File has not been updated.

# Not a target:
Makefile:
#  Implicit rule search has been done.
 
#  Last modified 2018-06-12 03:07:56
#  File has been updated.
#  Successfully updated.

test: main
#  Implicit rule search has not been done.
#  Modification time never checked.
#  File has not been updated.
#  recipe to execute (from 'Makefile', line 11):
	@echo -e "\nTEST\n"
	./main 2 5 4
	./main 0 5 4

# Not a target:
.DEFAULT:
#  Implicit rule search has not been done.
#  Modification time never checked.
#  File has not been updated.

clean:
#  Implicit rule search has not been done.
#  Modification time never checked.
#  File has not been updated.
#  recipe to execute (from 'Makefile', line 8):
	rm -f main.o main

main: main.c
#  Implicit rule search has not been done.
#  Implicit/static pattern stem: ''
#  Last modified 2021-06-02 08:18:35.068728771
#  File has been updated.
#  Needs to be updated (-q is set).
# automatic
# @ := main
# automatic
# % := 
# automatic
# * := 
# automatic
# + := main.c
# automatic
# | := 
# automatic
# < := main.c
# automatic
# ^ := main.c
# automatic
# ? := main.c
# variable set hash-table stats:
# Load=8/32=25%, Rehash=0, Collisions=1/15=7%
#  recipe to execute (from 'Makefile', line 5):
	$(CC) $^ -o $@ $(CFLAGS)

# files hash-table stats:
# Load=8/1024=1%, Rehash=0, Collisions=0/23=0%
# VPATH Search Paths

# No 'vpath' search paths.

# No general ('VPATH' variable) search path.

# strcache buffers: 1 (0) / strings = 13 / storage = 100 B / avg = 7 B
# current buf: size = 8162 B / used = 100 B / count = 13 / avg = 7 B

# strcache performance: lookups = 27 / hit rate = 51%
# hash-table stats:
# Load=13/8192=0%, Rehash=0, Collisions=1/27=4%
# Finished Make data base on Wed Jun  2 08:19:02 2021

 
